
ip_file = MEMFILE_GENERATION/MEMFILES/add.mem , start_addr = 0, stack_addr = FFFF

PC = 0, INSTRUCTION = 5FFFF2B7

 x0  -->	X[0]  = 0
 ra  -->	X[1]  = 0
 sp  -->	X[2]  = FFFF
 gp  -->	X[3]  = 0
 tp  -->	X[4]  = 0
 t0  -->	X[5]  = 5FFFF000
 t1  -->	X[6]  = 0
 t2  -->	X[7]  = 0
 s0  -->	X[8]  = 0
 s1  -->	X[9]  = 0
 a0  -->	X[10] = 0
 a1  -->	X[11] = 0
 a2  -->	X[12] = 0
 a3  -->	X[13] = 0
 a4  -->	X[14] = 0
 a5  -->	X[15] = 0
 a6  -->	X[16] = 0
 a7  -->	X[17] = 0
 s2  -->	X[18] = 0
 s3  -->	X[19] = 0
 s4  -->	X[20] = 0
 s5  -->	X[21] = 0
 s6  -->	X[22] = 0
 s7  -->	X[23] = 0
 s8  -->	X[24] = 0
 s9  -->	X[25] = 0
 s10 -->	X[26] = 0
 s11 -->	X[27] = 0
 t3  -->	X[28] = 0
 t4  -->	X[29] = 0
 t5  -->	X[30] = 0
 t6  -->	X[31] = 0
PC = 4, INSTRUCTION = 5FFFF337

 x0  -->	X[0]  = 0
 ra  -->	X[1]  = 0
 sp  -->	X[2]  = FFFF
 gp  -->	X[3]  = 0
 tp  -->	X[4]  = 0
 t0  -->	X[5]  = 5FFFF000
 t1  -->	X[6]  = 5FFFF000
 t2  -->	X[7]  = 0
 s0  -->	X[8]  = 0
 s1  -->	X[9]  = 0
 a0  -->	X[10] = 0
 a1  -->	X[11] = 0
 a2  -->	X[12] = 0
 a3  -->	X[13] = 0
 a4  -->	X[14] = 0
 a5  -->	X[15] = 0
 a6  -->	X[16] = 0
 a7  -->	X[17] = 0
 s2  -->	X[18] = 0
 s3  -->	X[19] = 0
 s4  -->	X[20] = 0
 s5  -->	X[21] = 0
 s6  -->	X[22] = 0
 s7  -->	X[23] = 0
 s8  -->	X[24] = 0
 s9  -->	X[25] = 0
 s10 -->	X[26] = 0
 s11 -->	X[27] = 0
 t3  -->	X[28] = 0
 t4  -->	X[29] = 0
 t5  -->	X[30] = 0
 t6  -->	X[31] = 0
PC = 8, INSTRUCTION = 5303B3

 x0  -->	X[0]  = 0
 ra  -->	X[1]  = 0
 sp  -->	X[2]  = FFFF
 gp  -->	X[3]  = 0
 tp  -->	X[4]  = 0
 t0  -->	X[5]  = 5FFFF000
 t1  -->	X[6]  = 5FFFF000
 t2  -->	X[7]  = BFFFE000
 s0  -->	X[8]  = 0
 s1  -->	X[9]  = 0
 a0  -->	X[10] = 0
 a1  -->	X[11] = 0
 a2  -->	X[12] = 0
 a3  -->	X[13] = 0
 a4  -->	X[14] = 0
 a5  -->	X[15] = 0
 a6  -->	X[16] = 0
 a7  -->	X[17] = 0
 s2  -->	X[18] = 0
 s3  -->	X[19] = 0
 s4  -->	X[20] = 0
 s5  -->	X[21] = 0
 s6  -->	X[22] = 0
 s7  -->	X[23] = 0
 s8  -->	X[24] = 0
 s9  -->	X[25] = 0
 s10 -->	X[26] = 0
 s11 -->	X[27] = 0
 t3  -->	X[28] = 0
 t4  -->	X[29] = 0
 t5  -->	X[30] = 0
 t6  -->	X[31] = 0
 End of Instructions
